
> server@1.0.0 dev
> ts-node-dev --respawn --loader ts-node/esm index.ts

[INFO] 18:56:42 ts-node-dev ver. 2.0.0 (using ts-node ver. 10.9.2, typescript ver. 5.9.3)
(node:18928) ExperimentalWarning: `--experimental-loader` may be removed in the future; instead use `register()`:
--import 'data:text/javascript,import { register } from "node:module"; import { pathToFileURL } from "node:url"; register("ts-node/esm", pathToFileURL("./"));'
(Use `node --trace-warnings ...` to show where the warning was created)
(node:18928) [DEP0180] DeprecationWarning: fs.Stats constructor is deprecated.
(Use `node --trace-deprecation ...` to show where the warning was created)
[dotenv@17.2.3] injecting env (17) from .env -- tip: ⚙️  suppress all logs with { quiet: true }
[32minfo[39m: 🚀 Server running in development mode on port 4000 {"timestamp":"2025-12-10T13:26:47.443Z"}
[32minfo[39m: ✅ Redis connected {"timestamp":"2025-12-10T13:26:47.456Z"}
PrismaClientKnownRequestError: 
Invalid `prisma.user.findUnique()` invocation in
C:\Users\narendra\Desktop\documents\web Development Programming\Health Hub\server\src\app\services\auth.service.ts:21:48

  18 
  19 export class AuthService {
  20     async signup(data: z.infer<typeof signupSchema>) {
→ 21         const existingUser = await prisma.user.findUnique(
The column `(not available)` does not exist in the current database.
    at qr.handleRequestError (C:\Users\narendra\Desktop\documents\web Development Programming\Health Hub\server\node_modules\@prisma\client\src\runtime\RequestHandler.ts:228:13)
    at qr.handleAndLogRequestError (C:\Users\narendra\Desktop\documents\web Development Programming\Health Hub\server\node_modules\@prisma\client\src\runtime\RequestHandler.ts:174:12)
    at qr.request (C:\Users\narendra\Desktop\documents\web Development Programming\Health Hub\server\node_modules\@prisma\client\src\runtime\RequestHandler.ts:143:12)
    at processTicksAndRejections (node:internal/process/task_queues:105:5)
    at a (C:\Users\narendra\Desktop\documents\web Development Programming\Health Hub\server\node_modules\@prisma\client\src\runtime\getPrismaClient.ts:805:24) {
  code: 'P2022',
  meta: {
    modelName: 'User',
    driverAdapterError: DriverAdapterError: ColumnNotFound
        at PrismaPgAdapter.onError (C:\Users\narendra\Desktop\documents\web Development Programming\Health Hub\server\node_modules\@prisma\adapter-pg\dist\index.js:693:11)
        at PrismaPgAdapter.performIO (C:\Users\narendra\Desktop\documents\web Development Programming\Health Hub\server\node_modules\@prisma\adapter-pg\dist\index.js:688:12)
        at processTicksAndRejections (node:internal/process/task_queues:105:5)
        at PrismaPgAdapter.queryRaw (C:\Users\narendra\Desktop\documents\web Development Programming\Health Hub\server\node_modules\@prisma\adapter-pg\dist\index.js:608:30)
        at C:\Users\narendra\Desktop\documents\web Development Programming\Health Hub\server\node_modules\@prisma\client-engine-runtime\src\tracing.ts:68:22
        at fr (C:\Users\narendra\Desktop\documents\web Development Programming\Health Hub\server\node_modules\@prisma\client-engine-runtime\src\tracing.ts:56:10)
        at e.interpretNode (C:\Users\narendra\Desktop\documents\web Development Programming\Health Hub\server\node_modules\@prisma\client-engine-runtime\src\interpreter\query-interpreter.ts:190:26)
        at e.interpretNode (C:\Users\narendra\Desktop\documents\web Development Programming\Health Hub\server\node_modules\@prisma\client-engine-runtime\src\interpreter\query-interpreter.ts:217:41)
        at e.interpretNode (C:\Users\narendra\Desktop\documents\web Development Programming\Health Hub\server\node_modules\@prisma\client-engine-runtime\src\interpreter\query-interpreter.ts:276:41)
        at e.run (C:\Users\narendra\Desktop\documents\web Development Programming\Health Hub\server\node_modules\@prisma\client-engine-runtime\src\interpreter\query-interpreter.ts:96:23) {
      cause: [Object]
    }
  },
  clientVersion: '7.1.0'
}
PrismaClientKnownRequestError: 
Invalid `prisma.user.findUnique()` invocation in
C:\Users\narendra\Desktop\documents\web Development Programming\Health Hub\server\src\app\services\auth.service.ts:21:48

  18 
  19 export class AuthService {
  20     async signup(data: z.infer<typeof signupSchema>) {
→ 21         const existingUser = await prisma.user.findUnique(
The column `(not available)` does not exist in the current database.
    at qr.handleRequestError (C:\Users\narendra\Desktop\documents\web Development Programming\Health Hub\server\node_modules\@prisma\client\src\runtime\RequestHandler.ts:228:13)
    at qr.handleAndLogRequestError (C:\Users\narendra\Desktop\documents\web Development Programming\Health Hub\server\node_modules\@prisma\client\src\runtime\RequestHandler.ts:174:12)
    at qr.request (C:\Users\narendra\Desktop\documents\web Development Programming\Health Hub\server\node_modules\@prisma\client\src\runtime\RequestHandler.ts:143:12)
    at processTicksAndRejections (node:internal/process/task_queues:105:5)
    at a (C:\Users\narendra\Desktop\documents\web Development Programming\Health Hub\server\node_modules\@prisma\client\src\runtime\getPrismaClient.ts:805:24) {
  code: 'P2022',
  meta: {
    modelName: 'User',
    driverAdapterError: DriverAdapterError: ColumnNotFound
        at PrismaPgAdapter.onError (C:\Users\narendra\Desktop\documents\web Development Programming\Health Hub\server\node_modules\@prisma\adapter-pg\dist\index.js:693:11)
        at PrismaPgAdapter.performIO (C:\Users\narendra\Desktop\documents\web Development Programming\Health Hub\server\node_modules\@prisma\adapter-pg\dist\index.js:688:12)
        at processTicksAndRejections (node:internal/process/task_queues:105:5)
        at PrismaPgAdapter.queryRaw (C:\Users\narendra\Desktop\documents\web Development Programming\Health Hub\server\node_modules\@prisma\adapter-pg\dist\index.js:608:30)
        at C:\Users\narendra\Desktop\documents\web Development Programming\Health Hub\server\node_modules\@prisma\client-engine-runtime\src\tracing.ts:68:22
        at fr (C:\Users\narendra\Desktop\documents\web Development Programming\Health Hub\server\node_modules\@prisma\client-engine-runtime\src\tracing.ts:56:10)
        at e.interpretNode (C:\Users\narendra\Desktop\documents\web Development Programming\Health Hub\server\node_modules\@prisma\client-engine-runtime\src\interpreter\query-interpreter.ts:190:26)
        at e.interpretNode (C:\Users\narendra\Desktop\documents\web Development Programming\Health Hub\server\node_modules\@prisma\client-engine-runtime\src\interpreter\query-interpreter.ts:217:41)
        at e.interpretNode (C:\Users\narendra\Desktop\documents\web Development Programming\Health Hub\server\node_modules\@prisma\client-engine-runtime\src\interpreter\query-interpreter.ts:276:41)
        at e.run (C:\Users\narendra\Desktop\documents\web Development Programming\Health Hub\server\node_modules\@prisma\client-engine-runtime\src\interpreter\query-interpreter.ts:96:23) {
      cause: [Object]
    }
  },
  clientVersion: '7.1.0'
}
